  [1m[35m (6260.1ms)[0m  [1m[35mCREATE DATABASE "todos_development" ENCODING = 'unicode'[0m
  ↳ bin/rails:9
  [1m[35m (441.4ms)[0m  [1m[35mCREATE DATABASE "todos_test" ENCODING = 'unicode'[0m
  ↳ bin/rails:9
  [1m[35m (523.0ms)[0m  [1m[35mCREATE TABLE "schema_migrations" ("version" character varying NOT NULL PRIMARY KEY)[0m
  ↳ bin/rails:9
  [1m[35m (94.2ms)[0m  [1m[35mCREATE TABLE "ar_internal_metadata" ("key" character varying NOT NULL PRIMARY KEY, "value" character varying, "created_at" timestamp NOT NULL, "updated_at" timestamp NOT NULL)[0m
  ↳ bin/rails:9
  [1m[35m (53.7ms)[0m  [1m[34mSELECT pg_try_advisory_lock(5286629289131009610)[0m
  ↳ bin/rails:9
  [1m[35m (36.6ms)[0m  [1m[34mSELECT "schema_migrations"."version" FROM "schema_migrations" ORDER BY "schema_migrations"."version" ASC[0m
  ↳ bin/rails:9
Migrating to CreateTodos (20190825010537)
  [1m[35m (32.0ms)[0m  [1m[35mBEGIN[0m
  ↳ bin/rails:9
  [1m[35m (200.3ms)[0m  [1m[35mCREATE TABLE "todos" ("id" bigserial primary key, "title" character varying NOT NULL, "body" character varying NOT NULL, "done" boolean DEFAULT FALSE, "created_at" timestamp NOT NULL, "updated_at" timestamp NOT NULL)[0m
  ↳ db/migrate/20190825010537_create_todos.rb:3
  [1m[36mActiveRecord::SchemaMigration Create (79.5ms)[0m  [1m[32mINSERT INTO "schema_migrations" ("version") VALUES ($1) RETURNING "version"[0m  [["version", "20190825010537"]]
  ↳ bin/rails:9
  [1m[35m (4.5ms)[0m  [1m[35mCOMMIT[0m
  ↳ bin/rails:9
  [1m[36mActiveRecord::InternalMetadata Load (60.0ms)[0m  [1m[34mSELECT  "ar_internal_metadata".* FROM "ar_internal_metadata" WHERE "ar_internal_metadata"."key" = $1 LIMIT $2[0m  [["key", "environment"], ["LIMIT", 1]]
  ↳ bin/rails:9
  [1m[35m (0.3ms)[0m  [1m[35mBEGIN[0m
  ↳ bin/rails:9
  [1m[36mActiveRecord::InternalMetadata Create (15.2ms)[0m  [1m[32mINSERT INTO "ar_internal_metadata" ("key", "value", "created_at", "updated_at") VALUES ($1, $2, $3, $4) RETURNING "key"[0m  [["key", "environment"], ["value", "development"], ["created_at", "2019-08-25 01:09:10.503816"], ["updated_at", "2019-08-25 01:09:10.503816"]]
  ↳ bin/rails:9
  [1m[35m (2.6ms)[0m  [1m[35mCOMMIT[0m
  ↳ bin/rails:9
  [1m[35m (0.5ms)[0m  [1m[34mSELECT pg_advisory_unlock(5286629289131009610)[0m
  ↳ bin/rails:9
  [1m[35m (0.6ms)[0m  [1m[34mSELECT "schema_migrations"."version" FROM "schema_migrations" ORDER BY "schema_migrations"."version" ASC[0m
  ↳ bin/rails:9
  [1m[35m (0.3ms)[0m  [1m[35mBEGIN[0m
  [1m[36mTodo Create (14.8ms)[0m  [1m[32mINSERT INTO "todos" ("title", "body", "created_at", "updated_at") VALUES ($1, $2, $3, $4) RETURNING "id"[0m  [["title", "Study for A06"], ["body", "learn redux cycle"], ["created_at", "2019-08-25 01:11:50.173142"], ["updated_at", "2019-08-25 01:11:50.173142"]]
  [1m[35m (45.1ms)[0m  [1m[35mCOMMIT[0m
  [1m[36mTodo Load (1.1ms)[0m  [1m[34mSELECT  "todos".* FROM "todos" ORDER BY "todos"."id" ASC LIMIT $1[0m  [["LIMIT", 1]]
  [1m[35m (1.9ms)[0m  [1m[34mSELECT "schema_migrations"."version" FROM "schema_migrations" ORDER BY "schema_migrations"."version" ASC[0m
  ↳ bin/rails:9
  [1m[36mTodo Load (1.4ms)[0m  [1m[34mSELECT "todos".* FROM "todos"[0m
  ↳ db/seeds.rb:9
  [1m[35m (0.3ms)[0m  [1m[35mBEGIN[0m
  ↳ db/seeds.rb:9
  [1m[36mTodo Destroy (61.2ms)[0m  [1m[31mDELETE FROM "todos" WHERE "todos"."id" = $1[0m  [["id", 1]]
  ↳ db/seeds.rb:9
  [1m[35m (21.0ms)[0m  [1m[35mCOMMIT[0m
  ↳ db/seeds.rb:9
  [1m[35m (0.3ms)[0m  [1m[35mBEGIN[0m
  ↳ db/seeds.rb:11
  [1m[36mTodo Create (1.2ms)[0m  [1m[32mINSERT INTO "todos" ("title", "body", "created_at", "updated_at") VALUES ($1, $2, $3, $4) RETURNING "id"[0m  [["title", "Todo 1"], ["body", "body 1"], ["created_at", "2019-08-25 02:43:38.697903"], ["updated_at", "2019-08-25 02:43:38.697903"]]
  ↳ db/seeds.rb:11
  [1m[35m (0.9ms)[0m  [1m[35mCOMMIT[0m
  ↳ db/seeds.rb:11
  [1m[35m (0.2ms)[0m  [1m[35mBEGIN[0m
  ↳ db/seeds.rb:12
  [1m[36mTodo Create (0.7ms)[0m  [1m[32mINSERT INTO "todos" ("title", "body", "created_at", "updated_at") VALUES ($1, $2, $3, $4) RETURNING "id"[0m  [["title", "Todo 2"], ["body", "body 2"], ["created_at", "2019-08-25 02:43:38.702890"], ["updated_at", "2019-08-25 02:43:38.702890"]]
  ↳ db/seeds.rb:12
  [1m[35m (0.6ms)[0m  [1m[35mCOMMIT[0m
  ↳ db/seeds.rb:12
  [1m[35m (0.2ms)[0m  [1m[35mBEGIN[0m
  ↳ db/seeds.rb:13
  [1m[36mTodo Create (0.6ms)[0m  [1m[32mINSERT INTO "todos" ("title", "body", "created_at", "updated_at") VALUES ($1, $2, $3, $4) RETURNING "id"[0m  [["title", "Todo 3"], ["body", "body 3"], ["created_at", "2019-08-25 02:43:38.706318"], ["updated_at", "2019-08-25 02:43:38.706318"]]
  ↳ db/seeds.rb:13
  [1m[35m (0.5ms)[0m  [1m[35mCOMMIT[0m
  ↳ db/seeds.rb:13
  [1m[35m (0.2ms)[0m  [1m[35mBEGIN[0m
  ↳ db/seeds.rb:14
  [1m[36mTodo Create (0.6ms)[0m  [1m[32mINSERT INTO "todos" ("title", "body", "created_at", "updated_at") VALUES ($1, $2, $3, $4) RETURNING "id"[0m  [["title", "Todo 4"], ["body", "body 4"], ["created_at", "2019-08-25 02:43:38.709601"], ["updated_at", "2019-08-25 02:43:38.709601"]]
  ↳ db/seeds.rb:14
  [1m[35m (0.5ms)[0m  [1m[35mCOMMIT[0m
  ↳ db/seeds.rb:14
  [1m[35m (0.2ms)[0m  [1m[35mBEGIN[0m
  ↳ db/seeds.rb:15
  [1m[36mTodo Create (0.6ms)[0m  [1m[32mINSERT INTO "todos" ("title", "body", "created_at", "updated_at") VALUES ($1, $2, $3, $4) RETURNING "id"[0m  [["title", "Todo 5"], ["body", "body 5"], ["created_at", "2019-08-25 02:43:38.712607"], ["updated_at", "2019-08-25 02:43:38.712607"]]
  ↳ db/seeds.rb:15
  [1m[35m (0.5ms)[0m  [1m[35mCOMMIT[0m
  ↳ db/seeds.rb:15
Started GET "/" for ::1 at 2019-08-24 21:45:48 -0500
  [1m[35m (1.6ms)[0m  [1m[34mSELECT "schema_migrations"."version" FROM "schema_migrations" ORDER BY "schema_migrations"."version" ASC[0m
  ↳ /Users/donaldbatryn/.rbenv/versions/2.5.1/lib/ruby/gems/2.5.0/gems/activerecord-5.2.3/lib/active_record/log_subscriber.rb:98
Processing by StaticPagesController#root as HTML
  Rendering static_pages/root.html within layouts/application
  Rendered static_pages/root.html within layouts/application (2.0ms)
Started GET "/" for ::1 at 2019-08-24 21:45:50 -0500
Processing by StaticPagesController#root as HTML
  Rendering static_pages/root.html within layouts/application
  Rendered static_pages/root.html within layouts/application (1.1ms)
Started GET "/" for ::1 at 2019-08-24 21:45:55 -0500
Processing by StaticPagesController#root as HTML
  Rendering static_pages/root.html within layouts/application
  Rendered static_pages/root.html within layouts/application (0.4ms)
Completed 200 OK in 6393ms (Views: 6387.4ms | ActiveRecord: 0.0ms)


Completed 200 OK in 8088ms (Views: 8077.9ms | ActiveRecord: 0.0ms)


Completed 200 OK in 2062ms (Views: 2057.2ms | ActiveRecord: 0.0ms)


Started GET "/api/todos" for ::1 at 2019-08-24 21:47:03 -0500
Processing by Api::TodosController#index as JSON
  [1m[36mTodo Load (2.1ms)[0m  [1m[34mSELECT "todos".* FROM "todos"[0m
  ↳ app/controllers/api/todos_controller.rb:7
Completed 200 OK in 98ms (Views: 38.7ms | ActiveRecord: 24.7ms)


Started GET "/" for ::1 at 2019-08-24 21:50:57 -0500
Processing by StaticPagesController#root as HTML
  Rendering static_pages/root.html within layouts/application
  Rendered static_pages/root.html within layouts/application (1.2ms)
Completed 200 OK in 229ms (Views: 211.3ms | ActiveRecord: 0.0ms)


Started GET "/" for ::1 at 2019-08-24 21:52:54 -0500
Processing by StaticPagesController#root as HTML
  Rendering static_pages/root.html within layouts/application
  Rendered static_pages/root.html within layouts/application (0.5ms)
Completed 200 OK in 440ms (Views: 424.7ms | ActiveRecord: 0.0ms)


Started GET "/" for ::1 at 2019-08-24 21:53:39 -0500
Processing by StaticPagesController#root as HTML
  Rendering static_pages/root.html within layouts/application
  Rendered static_pages/root.html within layouts/application (0.8ms)
Completed 200 OK in 278ms (Views: 217.8ms | ActiveRecord: 0.0ms)


Started GET "/" for ::1 at 2019-08-24 21:54:33 -0500
Processing by StaticPagesController#root as HTML
  Rendering static_pages/root.html within layouts/application
  Rendered static_pages/root.html within layouts/application (0.7ms)
Completed 200 OK in 1367ms (Views: 1302.9ms | ActiveRecord: 0.0ms)


Started GET "/" for ::1 at 2019-08-24 21:55:28 -0500
Processing by StaticPagesController#root as HTML
  Rendering static_pages/root.html within layouts/application
  Rendered static_pages/root.html within layouts/application (1.0ms)
Completed 200 OK in 1188ms (Views: 1171.2ms | ActiveRecord: 0.0ms)


Started GET "/" for ::1 at 2019-08-24 21:59:05 -0500
Processing by StaticPagesController#root as HTML
  Rendering static_pages/root.html within layouts/application
  Rendered static_pages/root.html within layouts/application (0.8ms)
Completed 200 OK in 609ms (Views: 538.8ms | ActiveRecord: 0.0ms)


Started GET "/" for ::1 at 2019-08-24 22:05:59 -0500
Processing by StaticPagesController#root as HTML
  Rendering static_pages/root.html within layouts/application
  Rendered static_pages/root.html within layouts/application (3.2ms)
Completed 200 OK in 285ms (Views: 266.8ms | ActiveRecord: 0.0ms)


Started GET "/" for ::1 at 2019-08-24 22:06:49 -0500
Processing by StaticPagesController#root as HTML
  Rendering static_pages/root.html within layouts/application
  Rendered static_pages/root.html within layouts/application (0.6ms)
Completed 200 OK in 878ms (Views: 862.7ms | ActiveRecord: 0.0ms)


Started GET "/" for ::1 at 2019-08-24 22:07:14 -0500
Processing by StaticPagesController#root as HTML
  Rendering static_pages/root.html within layouts/application
  Rendered static_pages/root.html within layouts/application (2.8ms)
Completed 200 OK in 1044ms (Views: 1026.4ms | ActiveRecord: 0.0ms)


Started GET "/api/todos" for ::1 at 2019-08-24 22:07:53 -0500
Processing by Api::TodosController#index as JSON
  [1m[36mTodo Load (5.7ms)[0m  [1m[34mSELECT "todos".* FROM "todos"[0m
  ↳ app/controllers/api/todos_controller.rb:7
Completed 200 OK in 12ms (Views: 6.0ms | ActiveRecord: 5.7ms)


Started GET "/api/todos" for ::1 at 2019-08-24 22:08:52 -0500
Processing by Api::TodosController#index as JSON
  [1m[36mTodo Load (1.0ms)[0m  [1m[34mSELECT "todos".* FROM "todos"[0m
  ↳ app/controllers/api/todos_controller.rb:7
Completed 200 OK in 4ms (Views: 2.5ms | ActiveRecord: 1.0ms)


Started GET "/" for ::1 at 2019-08-24 22:17:00 -0500
Processing by StaticPagesController#root as HTML
  Rendering static_pages/root.html within layouts/application
  Rendered static_pages/root.html within layouts/application (2.0ms)
Completed 200 OK in 883ms (Views: 864.8ms | ActiveRecord: 0.0ms)


Started GET "/" for ::1 at 2019-08-24 22:23:11 -0500
Processing by StaticPagesController#root as HTML
  Rendering static_pages/root.html within layouts/application
  Rendered static_pages/root.html within layouts/application (1.6ms)
Completed 200 OK in 1148ms (Views: 1107.9ms | ActiveRecord: 0.0ms)


Started GET "/api/todos" for ::1 at 2019-08-24 22:23:31 -0500
Processing by Api::TodosController#index as JSON
  [1m[36mTodo Load (1.6ms)[0m  [1m[34mSELECT "todos".* FROM "todos"[0m
  ↳ app/controllers/api/todos_controller.rb:7
Completed 200 OK in 14ms (Views: 11.1ms | ActiveRecord: 1.6ms)


Started GET "/" for ::1 at 2019-08-24 22:28:50 -0500
Processing by StaticPagesController#root as HTML
  Rendering static_pages/root.html within layouts/application
  Rendered static_pages/root.html within layouts/application (1.4ms)
Completed 200 OK in 1158ms (Views: 1121.5ms | ActiveRecord: 0.0ms)


Started GET "/api/todos" for ::1 at 2019-08-24 22:29:37 -0500
Processing by Api::TodosController#index as JSON
  [1m[36mTodo Load (3.5ms)[0m  [1m[34mSELECT "todos".* FROM "todos"[0m
  ↳ app/controllers/api/todos_controller.rb:7
Completed 200 OK in 14ms (Views: 10.1ms | ActiveRecord: 3.5ms)


Started GET "/" for ::1 at 2019-08-24 22:30:34 -0500
Processing by StaticPagesController#root as HTML
  Rendering static_pages/root.html within layouts/application
  Rendered static_pages/root.html within layouts/application (1.4ms)
Completed 200 OK in 817ms (Views: 797.0ms | ActiveRecord: 0.0ms)


Started GET "/api/todos" for ::1 at 2019-08-24 22:30:40 -0500
Processing by Api::TodosController#index as JSON
  [1m[36mTodo Load (3.6ms)[0m  [1m[34mSELECT "todos".* FROM "todos"[0m
  ↳ app/controllers/api/todos_controller.rb:7
Completed 200 OK in 8ms (Views: 4.2ms | ActiveRecord: 3.6ms)


Started GET "/" for ::1 at 2019-08-24 22:34:47 -0500
Processing by StaticPagesController#root as HTML
  Rendering static_pages/root.html within layouts/application
  Rendered static_pages/root.html within layouts/application (1.3ms)
Completed 200 OK in 388ms (Views: 347.6ms | ActiveRecord: 0.0ms)


Started GET "/api/todos" for ::1 at 2019-08-24 22:34:53 -0500
Processing by Api::TodosController#index as JSON
  [1m[36mTodo Load (0.9ms)[0m  [1m[34mSELECT "todos".* FROM "todos"[0m
  ↳ app/controllers/api/todos_controller.rb:7
Completed 200 OK in 6ms (Views: 4.2ms | ActiveRecord: 0.9ms)


Started GET "/" for ::1 at 2019-08-24 22:38:22 -0500
Processing by StaticPagesController#root as HTML
  Rendering static_pages/root.html within layouts/application
  Rendered static_pages/root.html within layouts/application (1.0ms)
Completed 200 OK in 1391ms (Views: 1293.5ms | ActiveRecord: 0.0ms)


Started GET "/api/todos" for ::1 at 2019-08-24 22:38:26 -0500
Processing by Api::TodosController#index as JSON
  [1m[36mTodo Load (1.5ms)[0m  [1m[34mSELECT "todos".* FROM "todos"[0m
  ↳ app/controllers/api/todos_controller.rb:7
Completed 200 OK in 10ms (Views: 8.1ms | ActiveRecord: 1.5ms)


Started GET "/" for ::1 at 2019-08-24 22:42:59 -0500
Processing by StaticPagesController#root as HTML
  Rendering static_pages/root.html within layouts/application
  Rendered static_pages/root.html within layouts/application (1.7ms)
Completed 200 OK in 1210ms (Views: 1181.8ms | ActiveRecord: 0.0ms)


Started GET "/api/todos" for ::1 at 2019-08-24 22:43:12 -0500
Processing by Api::TodosController#index as JSON
  [1m[36mTodo Load (2.3ms)[0m  [1m[34mSELECT "todos".* FROM "todos"[0m
  ↳ app/controllers/api/todos_controller.rb:7
Completed 200 OK in 8ms (Views: 4.4ms | ActiveRecord: 2.3ms)


Started GET "/" for ::1 at 2019-08-24 22:46:25 -0500
Processing by StaticPagesController#root as HTML
  Rendering static_pages/root.html within layouts/application
  Rendered static_pages/root.html within layouts/application (1.7ms)
Completed 200 OK in 959ms (Views: 942.2ms | ActiveRecord: 0.0ms)


Started GET "/" for ::1 at 2019-08-24 22:46:30 -0500
Processing by StaticPagesController#root as HTML
  Rendering static_pages/root.html within layouts/application
  Rendered static_pages/root.html within layouts/application (0.6ms)
Completed 200 OK in 157ms (Views: 151.5ms | ActiveRecord: 0.0ms)


Started GET "/api/todos" for ::1 at 2019-08-24 22:46:53 -0500
Processing by Api::TodosController#index as JSON
  [1m[36mTodo Load (1.0ms)[0m  [1m[34mSELECT "todos".* FROM "todos"[0m
  ↳ app/controllers/api/todos_controller.rb:7
Completed 200 OK in 6ms (Views: 4.1ms | ActiveRecord: 1.0ms)


Started GET "/" for ::1 at 2019-08-24 22:49:11 -0500
Processing by StaticPagesController#root as HTML
  Rendering static_pages/root.html within layouts/application
  Rendered static_pages/root.html within layouts/application (0.7ms)
Completed 200 OK in 1135ms (Views: 1092.9ms | ActiveRecord: 0.0ms)


Started GET "/api/todos" for ::1 at 2019-08-24 22:49:12 -0500
Processing by Api::TodosController#index as JSON
  [1m[36mTodo Load (6.2ms)[0m  [1m[34mSELECT "todos".* FROM "todos"[0m
  ↳ app/controllers/api/todos_controller.rb:7
Completed 200 OK in 11ms (Views: 4.6ms | ActiveRecord: 6.2ms)


Started GET "/api/todos" for ::1 at 2019-08-24 22:49:12 -0500
Processing by Api::TodosController#index as JSON
  [1m[36mTodo Load (150.9ms)[0m  [1m[34mSELECT "todos".* FROM "todos"[0m
  ↳ app/controllers/api/todos_controller.rb:7
Completed 200 OK in 156ms (Views: 5.0ms | ActiveRecord: 150.9ms)


Started GET "/" for ::1 at 2019-08-24 22:50:54 -0500
Processing by StaticPagesController#root as HTML
  Rendering static_pages/root.html within layouts/application
  Rendered static_pages/root.html within layouts/application (3.6ms)
Completed 200 OK in 1234ms (Views: 1152.5ms | ActiveRecord: 0.0ms)


Started GET "/api/todos" for ::1 at 2019-08-24 22:50:55 -0500
Processing by Api::TodosController#index as JSON
  [1m[36mTodo Load (70.2ms)[0m  [1m[34mSELECT "todos".* FROM "todos"[0m
  ↳ app/controllers/api/todos_controller.rb:7
Completed 200 OK in 82ms (Views: 11.1ms | ActiveRecord: 70.2ms)


Started GET "/api/todos" for ::1 at 2019-08-24 22:51:02 -0500
Processing by Api::TodosController#index as JSON
  [1m[36mTodo Load (1.6ms)[0m  [1m[34mSELECT "todos".* FROM "todos"[0m
  ↳ app/controllers/api/todos_controller.rb:7
Completed 200 OK in 7ms (Views: 4.7ms | ActiveRecord: 1.6ms)


Started GET "/" for ::1 at 2019-08-24 22:52:01 -0500
Processing by StaticPagesController#root as HTML
  Rendering static_pages/root.html within layouts/application
  Rendered static_pages/root.html within layouts/application (0.6ms)
Completed 200 OK in 261ms (Views: 241.9ms | ActiveRecord: 0.0ms)


Started GET "/api/todos" for ::1 at 2019-08-24 22:52:02 -0500
Processing by Api::TodosController#index as JSON
  [1m[36mTodo Load (1.0ms)[0m  [1m[34mSELECT "todos".* FROM "todos"[0m
  ↳ app/controllers/api/todos_controller.rb:7
Completed 200 OK in 7ms (Views: 5.1ms | ActiveRecord: 1.0ms)


Started GET "/" for ::1 at 2019-08-24 22:54:48 -0500
Processing by StaticPagesController#root as HTML
  Rendering static_pages/root.html within layouts/application
  Rendered static_pages/root.html within layouts/application (1.3ms)
Completed 200 OK in 1383ms (Views: 1364.2ms | ActiveRecord: 0.0ms)


Started GET "/" for ::1 at 2019-08-24 22:55:11 -0500
Processing by StaticPagesController#root as HTML
  Rendering static_pages/root.html within layouts/application
  Rendered static_pages/root.html within layouts/application (1.2ms)
Completed 200 OK in 1292ms (Views: 1231.1ms | ActiveRecord: 0.0ms)


Started GET "/" for ::1 at 2019-08-24 22:55:32 -0500
Processing by StaticPagesController#root as HTML
  Rendering static_pages/root.html within layouts/application
  Rendered static_pages/root.html within layouts/application (0.6ms)
Completed 200 OK in 967ms (Views: 950.6ms | ActiveRecord: 0.0ms)


Started GET "/" for ::1 at 2019-08-24 22:55:50 -0500
Processing by StaticPagesController#root as HTML
  Rendering static_pages/root.html within layouts/application
  Rendered static_pages/root.html within layouts/application (0.8ms)
Completed 200 OK in 907ms (Views: 866.3ms | ActiveRecord: 0.0ms)


Started GET "/api/todos" for ::1 at 2019-08-24 22:56:28 -0500
Processing by Api::TodosController#index as JSON
  [1m[36mTodo Load (4.0ms)[0m  [1m[34mSELECT "todos".* FROM "todos"[0m
  ↳ app/controllers/api/todos_controller.rb:7
Completed 200 OK in 13ms (Views: 7.9ms | ActiveRecord: 4.0ms)


Started GET "/" for ::1 at 2019-08-24 23:14:47 -0500
Processing by StaticPagesController#root as HTML
  Rendering static_pages/root.html within layouts/application
  Rendered static_pages/root.html within layouts/application (1.2ms)
Completed 200 OK in 1495ms (Views: 1454.0ms | ActiveRecord: 0.0ms)


Started GET "/api/todos" for ::1 at 2019-08-24 23:15:06 -0500
Processing by Api::TodosController#index as JSON
  [1m[36mTodo Load (58.6ms)[0m  [1m[34mSELECT "todos".* FROM "todos"[0m
  ↳ app/controllers/api/todos_controller.rb:7
Completed 200 OK in 65ms (Views: 6.1ms | ActiveRecord: 58.6ms)


Started GET "/" for ::1 at 2019-08-24 23:17:32 -0500
Processing by StaticPagesController#root as HTML
  Rendering static_pages/root.html within layouts/application
  Rendered static_pages/root.html within layouts/application (0.6ms)
Completed 200 OK in 795ms (Views: 773.5ms | ActiveRecord: 0.0ms)


Started GET "/api/todos" for ::1 at 2019-08-24 23:17:33 -0500
Processing by Api::TodosController#index as JSON
  [1m[36mTodo Load (0.8ms)[0m  [1m[34mSELECT "todos".* FROM "todos"[0m
  ↳ app/controllers/api/todos_controller.rb:7
Completed 200 OK in 5ms (Views: 3.8ms | ActiveRecord: 0.8ms)


Started POST "/api/todos" for ::1 at 2019-08-24 23:17:37 -0500
Processing by Api::TodosController#create as JSON
  Parameters: {"title"=>"fsdfsdf", "body"=>"", "id"=>"1566706657533"}
Completed 400 Bad Request in 4ms (ActiveRecord: 0.0ms)



ActionController::ParameterMissing - param is missing or the value is empty: todo:
  app/controllers/api/todos_controller.rb:35:in `todo_params'
  app/controllers/api/todos_controller.rb:11:in `create'

Started POST "/api/todos" for ::1 at 2019-08-24 23:18:09 -0500
Processing by Api::TodosController#create as JSON
  Parameters: {"title"=>"fsdfsdf", "body"=>"dfsdf", "id"=>"1566706689611"}
Completed 400 Bad Request in 3ms (ActiveRecord: 0.0ms)



ActionController::ParameterMissing - param is missing or the value is empty: todo:
  app/controllers/api/todos_controller.rb:35:in `todo_params'
  app/controllers/api/todos_controller.rb:11:in `create'

Started GET "/" for ::1 at 2019-08-24 23:18:14 -0500
Processing by StaticPagesController#root as HTML
  Rendering static_pages/root.html within layouts/application
  Rendered static_pages/root.html within layouts/application (0.4ms)
Completed 200 OK in 205ms (Views: 179.9ms | ActiveRecord: 0.0ms)


Started GET "/api/todos" for ::1 at 2019-08-24 23:18:14 -0500
Processing by Api::TodosController#index as JSON
  [1m[36mTodo Load (1.7ms)[0m  [1m[34mSELECT "todos".* FROM "todos"[0m
  ↳ app/controllers/api/todos_controller.rb:7
Completed 200 OK in 7ms (Views: 4.9ms | ActiveRecord: 1.7ms)


Started POST "/api/todos" for ::1 at 2019-08-24 23:18:17 -0500
Processing by Api::TodosController#create as JSON
  Parameters: {"title"=>"sdfsdf", "body"=>"sdfsdf", "id"=>"1566706697832"}
Completed 400 Bad Request in 2ms (ActiveRecord: 0.0ms)



ActionController::ParameterMissing - param is missing or the value is empty: todo:
  app/controllers/api/todos_controller.rb:35:in `todo_params'
  app/controllers/api/todos_controller.rb:11:in `create'

Started GET "/" for ::1 at 2019-08-24 23:18:51 -0500
Processing by StaticPagesController#root as HTML
  Rendering static_pages/root.html within layouts/application
  Rendered static_pages/root.html within layouts/application (0.6ms)
Completed 200 OK in 828ms (Views: 811.7ms | ActiveRecord: 0.0ms)


Started GET "/api/todos" for ::1 at 2019-08-24 23:18:52 -0500
Processing by Api::TodosController#index as JSON
  [1m[36mTodo Load (0.9ms)[0m  [1m[34mSELECT "todos".* FROM "todos"[0m
  ↳ app/controllers/api/todos_controller.rb:7
Completed 200 OK in 6ms (Views: 4.2ms | ActiveRecord: 0.9ms)


Started POST "/api/todos" for ::1 at 2019-08-24 23:19:41 -0500
Processing by Api::TodosController#create as JSON
  Parameters: {"title"=>"aaaa", "body"=>"aa", "id"=>"1566706781955"}
Completed 400 Bad Request in 2ms (ActiveRecord: 0.0ms)



ActionController::ParameterMissing - param is missing or the value is empty: todo:
  app/controllers/api/todos_controller.rb:35:in `todo_params'
  app/controllers/api/todos_controller.rb:11:in `create'

Started GET "/" for ::1 at 2019-08-24 23:22:42 -0500
Processing by StaticPagesController#root as HTML
  Rendering static_pages/root.html within layouts/application
  Rendered static_pages/root.html within layouts/application (0.9ms)
Completed 200 OK in 951ms (Views: 932.1ms | ActiveRecord: 0.0ms)


Started GET "/api/todos" for ::1 at 2019-08-24 23:22:43 -0500
Processing by Api::TodosController#index as JSON
  [1m[36mTodo Load (2.6ms)[0m  [1m[34mSELECT "todos".* FROM "todos"[0m
  ↳ app/controllers/api/todos_controller.rb:7
Completed 200 OK in 11ms (Views: 7.0ms | ActiveRecord: 2.6ms)


Started POST "/api/todos" for ::1 at 2019-08-24 23:22:48 -0500
Processing by Api::TodosController#create as JSON
  Parameters: {"newTodo"=>{"title"=>"asass", "body"=>"sasa", "id"=>"1566706968526"}}
Completed 400 Bad Request in 3ms (ActiveRecord: 0.0ms)



ActionController::ParameterMissing - param is missing or the value is empty: todo:
  app/controllers/api/todos_controller.rb:35:in `todo_params'
  app/controllers/api/todos_controller.rb:11:in `create'

Started GET "/" for ::1 at 2019-08-24 23:22:58 -0500
Processing by StaticPagesController#root as HTML
  Rendering static_pages/root.html within layouts/application
  Rendered static_pages/root.html within layouts/application (0.4ms)
Completed 200 OK in 797ms (Views: 788.6ms | ActiveRecord: 0.0ms)


Started GET "/api/todos" for ::1 at 2019-08-24 23:22:59 -0500
Processing by Api::TodosController#index as JSON
  [1m[36mTodo Load (27.0ms)[0m  [1m[34mSELECT "todos".* FROM "todos"[0m
  ↳ app/controllers/api/todos_controller.rb:7
Completed 200 OK in 32ms (Views: 4.1ms | ActiveRecord: 27.0ms)


Started GET "/" for ::1 at 2019-08-24 23:23:58 -0500
Processing by StaticPagesController#root as HTML
  Rendering static_pages/root.html within layouts/application
  Rendered static_pages/root.html within layouts/application (0.5ms)
Completed 200 OK in 338ms (Views: 317.5ms | ActiveRecord: 0.0ms)


Started GET "/api/todos" for ::1 at 2019-08-24 23:23:59 -0500
Processing by Api::TodosController#index as JSON
  [1m[36mTodo Load (1.0ms)[0m  [1m[34mSELECT "todos".* FROM "todos"[0m
  ↳ app/controllers/api/todos_controller.rb:7
Completed 200 OK in 6ms (Views: 4.2ms | ActiveRecord: 1.0ms)


Started POST "/api/todos" for ::1 at 2019-08-24 23:24:05 -0500
Processing by Api::TodosController#create as JSON
  Parameters: {"title"=>"SSSss", "body"=>"sss", "id"=>"1566707045636"}
Completed 400 Bad Request in 2ms (ActiveRecord: 0.0ms)



ActionController::ParameterMissing - param is missing or the value is empty: todo:
  app/controllers/api/todos_controller.rb:35:in `todo_params'
  app/controllers/api/todos_controller.rb:11:in `create'

Started GET "/" for ::1 at 2019-08-24 23:25:18 -0500
Processing by StaticPagesController#root as HTML
  Rendering static_pages/root.html within layouts/application
  Rendered static_pages/root.html within layouts/application (0.6ms)
Completed 200 OK in 264ms (Views: 244.9ms | ActiveRecord: 0.0ms)


Started GET "/api/todos" for ::1 at 2019-08-24 23:25:19 -0500
Processing by Api::TodosController#index as JSON
  [1m[36mTodo Load (0.9ms)[0m  [1m[34mSELECT "todos".* FROM "todos"[0m
  ↳ app/controllers/api/todos_controller.rb:7
Completed 200 OK in 5ms (Views: 4.1ms | ActiveRecord: 0.9ms)


Started POST "/api/todos" for ::1 at 2019-08-24 23:25:22 -0500
Processing by Api::TodosController#create as JSON
  Parameters: {"title"=>"adsasdasd", "body"=>"asd", "id"=>"1566707122741"}
Completed 400 Bad Request in 2ms (ActiveRecord: 0.0ms)



ActionController::ParameterMissing - param is missing or the value is empty: todo:
  app/controllers/api/todos_controller.rb:35:in `todo_params'
  app/controllers/api/todos_controller.rb:11:in `create'

Started POST "/api/todos" for ::1 at 2019-08-24 23:32:35 -0500
Processing by Api::TodosController#create as JSON
  Parameters: {"title"=>"adsasdasd", "body"=>"asd", "id"=>"1566707555660"}
Completed 400 Bad Request in 5ms (ActiveRecord: 0.0ms)



ActionController::ParameterMissing - param is missing or the value is empty: todo:
  app/controllers/api/todos_controller.rb:35:in `todo_params'
  app/controllers/api/todos_controller.rb:11:in `create'

Started POST "/api/todos" for ::1 at 2019-08-24 23:32:36 -0500
Processing by Api::TodosController#create as JSON
  Parameters: {"title"=>"adsasdasd", "body"=>"asd", "id"=>"1566707556776"}
Completed 400 Bad Request in 3ms (ActiveRecord: 0.0ms)



ActionController::ParameterMissing - param is missing or the value is empty: todo:
  app/controllers/api/todos_controller.rb:35:in `todo_params'
  app/controllers/api/todos_controller.rb:11:in `create'

Started GET "/" for ::1 at 2019-08-24 23:33:57 -0500
Processing by StaticPagesController#root as HTML
  Rendering static_pages/root.html within layouts/application
  Rendered static_pages/root.html within layouts/application (1.2ms)
Completed 200 OK in 1331ms (Views: 1310.2ms | ActiveRecord: 0.0ms)


Started GET "/api/todos" for ::1 at 2019-08-24 23:33:59 -0500
Processing by Api::TodosController#index as JSON
  [1m[36mTodo Load (8.9ms)[0m  [1m[34mSELECT "todos".* FROM "todos"[0m
  ↳ app/controllers/api/todos_controller.rb:7
Completed 200 OK in 29ms (Views: 19.0ms | ActiveRecord: 8.9ms)


Started POST "/api/todos" for ::1 at 2019-08-24 23:34:54 -0500
Processing by Api::TodosController#create as JSON
  Parameters: {"title"=>"gdgfdg", "body"=>"dfgdfg", "id"=>"1566707646633"}
Completed 400 Bad Request in 3ms (ActiveRecord: 0.0ms)



ActionController::ParameterMissing - param is missing or the value is empty: todo:
  app/controllers/api/todos_controller.rb:35:in `todo_params'
  app/controllers/api/todos_controller.rb:11:in `create'

Started POST "/api/todos" for ::1 at 2019-08-24 23:35:13 -0500
Processing by Api::TodosController#create as JSON
  Parameters: {"title"=>"gdgfdg", "body"=>"dfgdfg", "id"=>"1566707646633"}
Completed 400 Bad Request in 2ms (ActiveRecord: 0.0ms)



ActionController::ParameterMissing - param is missing or the value is empty: todo:
  app/controllers/api/todos_controller.rb:35:in `todo_params'
  app/controllers/api/todos_controller.rb:11:in `create'

Started POST "/api/todos" for ::1 at 2019-08-24 23:38:59 -0500
Processing by Api::TodosController#create as JSON
  Parameters: {"title"=>"gdgfdg", "body"=>"dfgdfg", "id"=>"1566707902478"}
Completed 400 Bad Request in 2ms (ActiveRecord: 0.0ms)



ActionController::ParameterMissing - param is missing or the value is empty: todo:
  app/controllers/api/todos_controller.rb:35:in `todo_params'
  app/controllers/api/todos_controller.rb:11:in `create'

Started GET "/" for ::1 at 2019-08-24 23:52:36 -0500
Processing by StaticPagesController#root as HTML
  Rendering static_pages/root.html within layouts/application
  Rendered static_pages/root.html within layouts/application (1.3ms)
Completed 200 OK in 935ms (Views: 918.6ms | ActiveRecord: 0.0ms)


Started GET "/api/todos" for ::1 at 2019-08-24 23:52:38 -0500
Processing by Api::TodosController#index as JSON
  [1m[36mTodo Load (2.3ms)[0m  [1m[34mSELECT "todos".* FROM "todos"[0m
  ↳ app/controllers/api/todos_controller.rb:7
Completed 200 OK in 13ms (Views: 10.2ms | ActiveRecord: 2.3ms)


Started GET "/" for ::1 at 2019-08-24 23:52:40 -0500
Processing by StaticPagesController#root as HTML
  Rendering static_pages/root.html within layouts/application
  Rendered static_pages/root.html within layouts/application (0.6ms)
Completed 200 OK in 129ms (Views: 123.9ms | ActiveRecord: 0.0ms)


Started GET "/api/todos" for ::1 at 2019-08-24 23:52:40 -0500
Processing by Api::TodosController#index as JSON
  [1m[36mTodo Load (4.2ms)[0m  [1m[34mSELECT "todos".* FROM "todos"[0m
  ↳ app/controllers/api/todos_controller.rb:7
Completed 200 OK in 14ms (Views: 7.7ms | ActiveRecord: 4.2ms)


Started GET "/" for ::1 at 2019-08-24 23:53:09 -0500
Processing by StaticPagesController#root as HTML
  Rendering static_pages/root.html within layouts/application
  Rendered static_pages/root.html within layouts/application (0.7ms)
Completed 200 OK in 247ms (Views: 232.8ms | ActiveRecord: 0.0ms)


Started POST "/api/todos" for ::1 at 2019-08-24 23:53:10 -0500
Processing by Api::TodosController#create as JSON
  Parameters: {"title"=>"cvbcvb", "body"=>"cvbcvb", "id"=>"1566708765874"}
Completed 400 Bad Request in 4ms (ActiveRecord: 0.0ms)



ActionController::ParameterMissing - param is missing or the value is empty: todo:
  app/controllers/api/todos_controller.rb:35:in `todo_params'
  app/controllers/api/todos_controller.rb:11:in `create'

Started GET "/api/todos" for ::1 at 2019-08-24 23:53:10 -0500
Processing by Api::TodosController#index as JSON
  [1m[36mTodo Load (0.8ms)[0m  [1m[34mSELECT "todos".* FROM "todos"[0m
  ↳ app/controllers/api/todos_controller.rb:7
Completed 200 OK in 6ms (Views: 4.4ms | ActiveRecord: 0.8ms)


Started GET "/" for ::1 at 2019-08-24 23:53:34 -0500
Processing by StaticPagesController#root as HTML
  Rendering static_pages/root.html within layouts/application
  Rendered static_pages/root.html within layouts/application (0.8ms)
Completed 200 OK in 887ms (Views: 872.3ms | ActiveRecord: 0.0ms)


Started POST "/api/todos" for ::1 at 2019-08-24 23:53:35 -0500
Started GET "/api/todos" for ::1 at 2019-08-24 23:53:35 -0500
Processing by Api::TodosController#index as JSON
  [1m[36mTodo Load (1.9ms)[0m  [1m[34mSELECT "todos".* FROM "todos"[0m
  ↳ app/controllers/api/todos_controller.rb:7
Completed 200 OK in 9ms (Views: 6.3ms | ActiveRecord: 1.9ms)


Processing by Api::TodosController#create as JSON
  Parameters: {"title"=>"dsf", "body"=>"sdf", "id"=>"1566708805484"}
Completed 400 Bad Request in 3ms (ActiveRecord: 0.0ms)



ActionController::ParameterMissing - param is missing or the value is empty: todo:
  app/controllers/api/todos_controller.rb:35:in `todo_params'
  app/controllers/api/todos_controller.rb:11:in `create'

Started POST "/api/todos" for ::1 at 2019-08-24 23:53:47 -0500
Processing by Api::TodosController#create as JSON
  Parameters: {"title"=>"sdfsdf", "body"=>"sdfsdf", "id"=>"1566708827822"}
Completed 400 Bad Request in 2ms (ActiveRecord: 0.0ms)



ActionController::ParameterMissing - param is missing or the value is empty: todo:
  app/controllers/api/todos_controller.rb:35:in `todo_params'
  app/controllers/api/todos_controller.rb:11:in `create'

Started POST "/api/todos" for ::1 at 2019-08-24 23:55:31 -0500
Processing by Api::TodosController#create as JSON
  Parameters: {"title"=>"sdfsdf", "body"=>"sdfsdf", "id"=>"1566708931169"}
Completed 400 Bad Request in 3ms (ActiveRecord: 0.0ms)



ActionController::ParameterMissing - param is missing or the value is empty: todo:
  app/controllers/api/todos_controller.rb:35:in `todo_params'
  app/controllers/api/todos_controller.rb:11:in `create'

Started GET "/" for ::1 at 2019-08-24 23:57:07 -0500
Processing by StaticPagesController#root as HTML
  Rendering static_pages/root.html within layouts/application
  Rendered static_pages/root.html within layouts/application (0.6ms)
Completed 200 OK in 1036ms (Views: 1016.8ms | ActiveRecord: 0.0ms)


Started GET "/api/todos" for ::1 at 2019-08-24 23:57:08 -0500
Processing by Api::TodosController#index as JSON
  [1m[36mTodo Load (5.7ms)[0m  [1m[34mSELECT "todos".* FROM "todos"[0m
  ↳ app/controllers/api/todos_controller.rb:7
Completed 200 OK in 11ms (Views: 4.5ms | ActiveRecord: 5.7ms)


Started POST "/api/todos" for ::1 at 2019-08-24 23:57:13 -0500
Processing by Api::TodosController#create as JSON
  Parameters: {"title"=>"asdasd", "body"=>"asdas", "id"=>"1566709033145"}
Completed 400 Bad Request in 2ms (ActiveRecord: 0.0ms)



ActionController::ParameterMissing - param is missing or the value is empty: todo:
  app/controllers/api/todos_controller.rb:35:in `todo_params'
  app/controllers/api/todos_controller.rb:11:in `create'

Started GET "/" for ::1 at 2019-08-24 23:58:32 -0500
Processing by StaticPagesController#root as HTML
  Rendering static_pages/root.html within layouts/application
  Rendered static_pages/root.html within layouts/application (0.6ms)
Completed 200 OK in 904ms (Views: 882.5ms | ActiveRecord: 0.0ms)


Started GET "/api/todos" for ::1 at 2019-08-24 23:58:34 -0500
Processing by Api::TodosController#index as JSON
  [1m[36mTodo Load (7.0ms)[0m  [1m[34mSELECT "todos".* FROM "todos"[0m
  ↳ app/controllers/api/todos_controller.rb:7
Completed 200 OK in 12ms (Views: 4.1ms | ActiveRecord: 7.0ms)


Started POST "/api/todos" for ::1 at 2019-08-24 23:58:38 -0500
Processing by Api::TodosController#create as JSON
  Parameters: {"title"=>"ssss", "body"=>"ss", "id"=>"1566709118959"}
Completed 400 Bad Request in 2ms (ActiveRecord: 0.0ms)



ActionController::ParameterMissing - param is missing or the value is empty: todo:
  app/controllers/api/todos_controller.rb:35:in `todo_params'
  app/controllers/api/todos_controller.rb:11:in `create'

Started POST "/api/todos" for ::1 at 2019-08-24 23:59:43 -0500
Processing by Api::TodosController#create as JSON
  Parameters: {"title"=>"", "body"=>"", "id"=>"1566709183895"}
Completed 400 Bad Request in 1ms (ActiveRecord: 0.0ms)



ActionController::ParameterMissing - param is missing or the value is empty: todo:
  app/controllers/api/todos_controller.rb:35:in `todo_params'
  app/controllers/api/todos_controller.rb:11:in `create'

Started GET "/" for ::1 at 2019-08-24 23:59:47 -0500
Processing by StaticPagesController#root as HTML
  Rendering static_pages/root.html within layouts/application
  Rendered static_pages/root.html within layouts/application (0.8ms)
Completed 200 OK in 243ms (Views: 219.2ms | ActiveRecord: 0.0ms)


Started GET "/api/todos" for ::1 at 2019-08-24 23:59:48 -0500
Processing by Api::TodosController#index as JSON
  [1m[36mTodo Load (0.8ms)[0m  [1m[34mSELECT "todos".* FROM "todos"[0m
  ↳ app/controllers/api/todos_controller.rb:7
Completed 200 OK in 6ms (Views: 5.0ms | ActiveRecord: 0.8ms)


Started POST "/api/todos" for ::1 at 2019-08-24 23:59:52 -0500
Processing by Api::TodosController#create as JSON
  Parameters: {"title"=>"", "body"=>"dfg", "id"=>"1566709192719"}
Completed 400 Bad Request in 2ms (ActiveRecord: 0.0ms)



ActionController::ParameterMissing - param is missing or the value is empty: todo:
  app/controllers/api/todos_controller.rb:35:in `todo_params'
  app/controllers/api/todos_controller.rb:11:in `create'

Started GET "/" for ::1 at 2019-08-25 00:03:32 -0500
Processing by StaticPagesController#root as HTML
  Rendering static_pages/root.html within layouts/application
  Rendered static_pages/root.html within layouts/application (0.6ms)
Completed 200 OK in 794ms (Views: 775.1ms | ActiveRecord: 0.0ms)


Started GET "/api/todos" for ::1 at 2019-08-25 00:03:34 -0500
Processing by Api::TodosController#index as JSON
  [1m[36mTodo Load (1.2ms)[0m  [1m[34mSELECT "todos".* FROM "todos"[0m
  ↳ app/controllers/api/todos_controller.rb:7
Completed 200 OK in 6ms (Views: 4.3ms | ActiveRecord: 1.2ms)


Started POST "/api/todos" for ::1 at 2019-08-25 00:03:37 -0500
Processing by Api::TodosController#create as JSON
  Parameters: {"title"=>"", "body"=>"", "id"=>"1566709417734"}
Completed 400 Bad Request in 2ms (ActiveRecord: 0.0ms)



ActionController::ParameterMissing - param is missing or the value is empty: todo:
  app/controllers/api/todos_controller.rb:35:in `todo_params'
  app/controllers/api/todos_controller.rb:11:in `create'

Started GET "/" for ::1 at 2019-08-25 00:05:23 -0500
Processing by StaticPagesController#root as HTML
  Rendering static_pages/root.html within layouts/application
  Rendered static_pages/root.html within layouts/application (0.8ms)
Completed 200 OK in 1210ms (Views: 1187.8ms | ActiveRecord: 0.0ms)


Started GET "/api/todos" for ::1 at 2019-08-25 00:05:24 -0500
Processing by Api::TodosController#index as JSON
  [1m[36mTodo Load (4.4ms)[0m  [1m[34mSELECT "todos".* FROM "todos"[0m
  ↳ app/controllers/api/todos_controller.rb:7
Completed 200 OK in 9ms (Views: 4.1ms | ActiveRecord: 4.4ms)


Started POST "/api/todos" for ::1 at 2019-08-25 00:05:27 -0500
Processing by Api::TodosController#create as JSON
  Parameters: {"title"=>"", "body"=>"", "id"=>"1566709527522"}
Completed 400 Bad Request in 2ms (ActiveRecord: 0.0ms)



ActionController::ParameterMissing - param is missing or the value is empty: todo:
  app/controllers/api/todos_controller.rb:35:in `todo_params'
  app/controllers/api/todos_controller.rb:11:in `create'

Started GET "/" for ::1 at 2019-08-25 00:06:55 -0500
Processing by StaticPagesController#root as HTML
  Rendering static_pages/root.html within layouts/application
  Rendered static_pages/root.html within layouts/application (0.8ms)
Completed 200 OK in 975ms (Views: 955.8ms | ActiveRecord: 0.0ms)


Started GET "/" for ::1 at 2019-08-25 00:08:27 -0500
Processing by StaticPagesController#root as HTML
  Rendering static_pages/root.html within layouts/application
  Rendered static_pages/root.html within layouts/application (0.6ms)
Completed 200 OK in 269ms (Views: 248.9ms | ActiveRecord: 0.0ms)


Started GET "/" for ::1 at 2019-08-25 00:08:47 -0500
Processing by StaticPagesController#root as HTML
  Rendering static_pages/root.html within layouts/application
  Rendered static_pages/root.html within layouts/application (1.6ms)
Completed 200 OK in 1294ms (Views: 1278.8ms | ActiveRecord: 0.0ms)


Started GET "/" for ::1 at 2019-08-25 00:10:31 -0500
Processing by StaticPagesController#root as HTML
  Rendering static_pages/root.html within layouts/application
  Rendered static_pages/root.html within layouts/application (0.6ms)
Completed 200 OK in 911ms (Views: 887.5ms | ActiveRecord: 0.0ms)


Started GET "/" for ::1 at 2019-08-25 00:10:39 -0500
Processing by StaticPagesController#root as HTML
  Rendering static_pages/root.html within layouts/application
  Rendered static_pages/root.html within layouts/application (0.5ms)
Completed 200 OK in 64ms (Views: 58.5ms | ActiveRecord: 0.0ms)


Started GET "/api/todos" for ::1 at 2019-08-25 00:10:39 -0500
Processing by Api::TodosController#index as JSON
  [1m[36mTodo Load (39.7ms)[0m  [1m[34mSELECT "todos".* FROM "todos"[0m
  ↳ app/controllers/api/todos_controller.rb:7
Completed 200 OK in 48ms (Views: 8.0ms | ActiveRecord: 39.7ms)


Started POST "/api/todos" for ::1 at 2019-08-25 00:10:46 -0500
Processing by Api::TodosController#create as JSON
  Parameters: {"title"=>"", "body"=>"", "id"=>"1566709846204"}
Completed 400 Bad Request in 2ms (ActiveRecord: 0.0ms)



ActionController::ParameterMissing - param is missing or the value is empty: todo:
  app/controllers/api/todos_controller.rb:35:in `todo_params'
  app/controllers/api/todos_controller.rb:11:in `create'

Started GET "/" for ::1 at 2019-08-25 00:12:51 -0500
Processing by StaticPagesController#root as HTML
  Rendering static_pages/root.html within layouts/application
  Rendered static_pages/root.html within layouts/application (0.5ms)
Completed 200 OK in 948ms (Views: 927.8ms | ActiveRecord: 0.0ms)


Started GET "/" for ::1 at 2019-08-25 00:13:08 -0500
Processing by StaticPagesController#root as HTML
  Rendering static_pages/root.html within layouts/application
  Rendered static_pages/root.html within layouts/application (0.4ms)
Completed 200 OK in 183ms (Views: 165.5ms | ActiveRecord: 0.0ms)


Started GET "/api/todos" for ::1 at 2019-08-25 00:13:09 -0500
Processing by Api::TodosController#index as JSON
  [1m[36mTodo Load (7.5ms)[0m  [1m[34mSELECT "todos".* FROM "todos"[0m
  ↳ app/controllers/api/todos_controller.rb:7
Completed 200 OK in 12ms (Views: 4.0ms | ActiveRecord: 7.5ms)


Started POST "/api/todos" for ::1 at 2019-08-25 00:13:16 -0500
Processing by Api::TodosController#create as JSON
  Parameters: {"title"=>"", "body"=>"", "id"=>"1566709996617"}
Completed 400 Bad Request in 2ms (ActiveRecord: 0.0ms)



ActionController::ParameterMissing - param is missing or the value is empty: todo:
  app/controllers/api/todos_controller.rb:35:in `todo_params'
  app/controllers/api/todos_controller.rb:11:in `create'

Started GET "/" for ::1 at 2019-08-25 00:15:45 -0500
Processing by StaticPagesController#root as HTML
  Rendering static_pages/root.html within layouts/application
  Rendered static_pages/root.html within layouts/application (0.6ms)
Completed 200 OK in 1041ms (Views: 1020.9ms | ActiveRecord: 0.0ms)


Started GET "/api/todos" for ::1 at 2019-08-25 00:15:47 -0500
Processing by Api::TodosController#index as JSON
  [1m[36mTodo Load (2.7ms)[0m  [1m[34mSELECT "todos".* FROM "todos"[0m
  ↳ app/controllers/api/todos_controller.rb:7
Completed 200 OK in 7ms (Views: 3.8ms | ActiveRecord: 2.7ms)


Started POST "/api/todos" for ::1 at 2019-08-25 00:16:04 -0500
Processing by Api::TodosController#create as JSON
  Parameters: {"title"=>"", "body"=>"", "id"=>"1566710164592"}
Completed 400 Bad Request in 1ms (ActiveRecord: 0.0ms)



ActionController::ParameterMissing - param is missing or the value is empty: todo:
  app/controllers/api/todos_controller.rb:35:in `todo_params'
  app/controllers/api/todos_controller.rb:11:in `create'

Started GET "/" for ::1 at 2019-08-25 00:16:15 -0500
Processing by StaticPagesController#root as HTML
  Rendering static_pages/root.html within layouts/application
  Rendered static_pages/root.html within layouts/application (0.6ms)
Completed 200 OK in 846ms (Views: 820.5ms | ActiveRecord: 0.0ms)


Started GET "/api/todos" for ::1 at 2019-08-25 00:16:17 -0500
Processing by Api::TodosController#index as JSON
  [1m[36mTodo Load (0.8ms)[0m  [1m[34mSELECT "todos".* FROM "todos"[0m
  ↳ app/controllers/api/todos_controller.rb:7
Completed 200 OK in 7ms (Views: 5.2ms | ActiveRecord: 0.8ms)


Started POST "/api/todos" for ::1 at 2019-08-25 00:16:19 -0500
Processing by Api::TodosController#create as JSON
  Parameters: {"title"=>"", "body"=>"", "id"=>"1566710178995"}
Completed 400 Bad Request in 2ms (ActiveRecord: 0.0ms)



ActionController::ParameterMissing - param is missing or the value is empty: todo:
  app/controllers/api/todos_controller.rb:35:in `todo_params'
  app/controllers/api/todos_controller.rb:11:in `create'

Started GET "/" for ::1 at 2019-08-25 00:16:38 -0500
Processing by StaticPagesController#root as HTML
  Rendering static_pages/root.html within layouts/application
  Rendered static_pages/root.html within layouts/application (0.6ms)
Completed 200 OK in 864ms (Views: 847.9ms | ActiveRecord: 0.0ms)


Started GET "/" for ::1 at 2019-08-25 00:17:15 -0500
Processing by StaticPagesController#root as HTML
  Rendering static_pages/root.html within layouts/application
  Rendered static_pages/root.html within layouts/application (0.8ms)
Completed 200 OK in 853ms (Views: 822.5ms | ActiveRecord: 0.0ms)


Started GET "/api/todos" for ::1 at 2019-08-25 00:17:17 -0500
Processing by Api::TodosController#index as JSON
  [1m[36mTodo Load (146.5ms)[0m  [1m[34mSELECT "todos".* FROM "todos"[0m
  ↳ app/controllers/api/todos_controller.rb:7
Completed 200 OK in 152ms (Views: 5.0ms | ActiveRecord: 146.5ms)


Started POST "/api/todos" for ::1 at 2019-08-25 00:17:25 -0500
Processing by Api::TodosController#create as JSON
  Parameters: {"title"=>"", "body"=>"", "id"=>"1566710245795"}
Completed 400 Bad Request in 2ms (ActiveRecord: 0.0ms)



ActionController::ParameterMissing - param is missing or the value is empty: todo:
  app/controllers/api/todos_controller.rb:35:in `todo_params'
  app/controllers/api/todos_controller.rb:11:in `create'

Started GET "/" for ::1 at 2019-08-25 00:19:03 -0500
Processing by StaticPagesController#root as HTML
  Rendering static_pages/root.html within layouts/application
  Rendered static_pages/root.html within layouts/application (0.6ms)
Completed 200 OK in 1283ms (Views: 1268.0ms | ActiveRecord: 0.0ms)


Started GET "/api/todos" for ::1 at 2019-08-25 00:19:29 -0500
Processing by Api::TodosController#index as JSON
  [1m[36mTodo Load (7.6ms)[0m  [1m[34mSELECT "todos".* FROM "todos"[0m
  ↳ app/controllers/api/todos_controller.rb:7
Completed 200 OK in 17ms (Views: 8.4ms | ActiveRecord: 7.6ms)


Started POST "/api/todos" for ::1 at 2019-08-25 00:19:38 -0500
Processing by Api::TodosController#create as JSON
  Parameters: {"title"=>"", "body"=>"", "id"=>"1566710378647"}
Completed 400 Bad Request in 3ms (ActiveRecord: 0.0ms)



ActionController::ParameterMissing - param is missing or the value is empty: todo:
  app/controllers/api/todos_controller.rb:35:in `todo_params'
  app/controllers/api/todos_controller.rb:11:in `create'

Started GET "/" for ::1 at 2019-08-25 00:32:02 -0500
Processing by StaticPagesController#root as HTML
  Rendering static_pages/root.html within layouts/application
  Rendered static_pages/root.html within layouts/application (2.3ms)
Completed 200 OK in 1347ms (Views: 1312.8ms | ActiveRecord: 0.0ms)


Started POST "/api/todos" for ::1 at 2019-08-25 00:32:11 -0500
Processing by Api::TodosController#create as JSON
  Parameters: {"title"=>"", "body"=>"", "id"=>"1566711131497"}
Completed 400 Bad Request in 3ms (ActiveRecord: 0.0ms)



ActionController::ParameterMissing - param is missing or the value is empty: todo:
  app/controllers/api/todos_controller.rb:35:in `todo_params'
  app/controllers/api/todos_controller.rb:11:in `create'

Started GET "/" for ::1 at 2019-08-25 00:32:15 -0500
Processing by StaticPagesController#root as HTML
  Rendering static_pages/root.html within layouts/application
  Rendered static_pages/root.html within layouts/application (0.6ms)
Completed 200 OK in 965ms (Views: 882.5ms | ActiveRecord: 0.0ms)


Started GET "/" for ::1 at 2019-08-25 00:32:34 -0500
Processing by StaticPagesController#root as HTML
  Rendering static_pages/root.html within layouts/application
  Rendered static_pages/root.html within layouts/application (0.4ms)
Completed 200 OK in 2409ms (Views: 2325.7ms | ActiveRecord: 0.0ms)


Started GET "/" for ::1 at 2019-08-25 00:33:04 -0500
Processing by StaticPagesController#root as HTML
  Rendering static_pages/root.html within layouts/application
  Rendered static_pages/root.html within layouts/application (0.9ms)
Completed 200 OK in 1889ms (Views: 1810.0ms | ActiveRecord: 0.0ms)


Started GET "/api/todos" for ::1 at 2019-08-25 00:33:09 -0500
Processing by Api::TodosController#index as JSON
  [1m[36mTodo Load (15.2ms)[0m  [1m[34mSELECT "todos".* FROM "todos"[0m
  ↳ app/controllers/api/todos_controller.rb:7
Completed 200 OK in 24ms (Views: 8.4ms | ActiveRecord: 15.2ms)


Started GET "/" for ::1 at 2019-08-25 00:33:53 -0500
Processing by StaticPagesController#root as HTML
  Rendering static_pages/root.html within layouts/application
  Rendered static_pages/root.html within layouts/application (0.5ms)
Completed 200 OK in 3142ms (Views: 3123.6ms | ActiveRecord: 0.0ms)


Started GET "/api/todos" for ::1 at 2019-08-25 00:33:57 -0500
Processing by Api::TodosController#index as JSON
  [1m[36mTodo Load (20.8ms)[0m  [1m[34mSELECT "todos".* FROM "todos"[0m
  ↳ app/controllers/api/todos_controller.rb:7
Completed 200 OK in 25ms (Views: 4.1ms | ActiveRecord: 20.8ms)


Started POST "/api/todos" for ::1 at 2019-08-25 00:34:07 -0500
Processing by Api::TodosController#create as JSON
  Parameters: {"title"=>"", "body"=>"", "id"=>"1566711247253"}
Completed 400 Bad Request in 2ms (ActiveRecord: 0.0ms)



ActionController::ParameterMissing - param is missing or the value is empty: todo:
  app/controllers/api/todos_controller.rb:35:in `todo_params'
  app/controllers/api/todos_controller.rb:11:in `create'

Started GET "/" for ::1 at 2019-08-25 00:34:32 -0500
Processing by StaticPagesController#root as HTML
  Rendering static_pages/root.html within layouts/application
  Rendered static_pages/root.html within layouts/application (0.6ms)
Completed 200 OK in 1006ms (Views: 991.5ms | ActiveRecord: 0.0ms)


Started GET "/api/todos" for ::1 at 2019-08-25 00:34:33 -0500
Processing by Api::TodosController#index as JSON
  [1m[36mTodo Load (0.9ms)[0m  [1m[34mSELECT "todos".* FROM "todos"[0m
  ↳ app/controllers/api/todos_controller.rb:7
Completed 200 OK in 7ms (Views: 6.1ms | ActiveRecord: 0.9ms)


Started POST "/api/todos" for ::1 at 2019-08-25 00:34:37 -0500
Processing by Api::TodosController#create as JSON
  Parameters: {"title"=>"", "body"=>"", "id"=>"1566711277247"}
Completed 400 Bad Request in 3ms (ActiveRecord: 0.0ms)



ActionController::ParameterMissing - param is missing or the value is empty: todo:
  app/controllers/api/todos_controller.rb:35:in `todo_params'
  app/controllers/api/todos_controller.rb:11:in `create'

Started GET "/" for ::1 at 2019-08-25 00:36:47 -0500
Processing by StaticPagesController#root as HTML
  Rendering static_pages/root.html within layouts/application
  Rendered static_pages/root.html within layouts/application (0.7ms)
Completed 200 OK in 3193ms (Views: 3106.8ms | ActiveRecord: 0.0ms)


Started GET "/api/todos" for ::1 at 2019-08-25 00:36:50 -0500
Processing by Api::TodosController#index as JSON
  [1m[36mTodo Load (133.9ms)[0m  [1m[34mSELECT "todos".* FROM "todos"[0m
  ↳ app/controllers/api/todos_controller.rb:7
Completed 200 OK in 142ms (Views: 7.9ms | ActiveRecord: 133.9ms)


Started POST "/api/todos" for ::1 at 2019-08-25 00:36:55 -0500
Processing by Api::TodosController#create as JSON
  Parameters: {"title"=>"dfsdf", "body"=>"sdf", "id"=>"1566711415577"}
Completed 400 Bad Request in 2ms (ActiveRecord: 0.0ms)



ActionController::ParameterMissing - param is missing or the value is empty: todo:
  app/controllers/api/todos_controller.rb:35:in `todo_params'
  app/controllers/api/todos_controller.rb:11:in `create'

